This is pdfTeX, Version 3.141592653-2.6-1.40.25 (TeX Live 2023) (preloaded format=pdflatex 2023.6.17)  17 JUL 2025 20:55
entering extended mode
 restricted \write18 enabled.
 %&-line parsing enabled.
**raw.tex
(./raw.tex
LaTeX2e <2022-11-01> patch level 1
L3 programming layer <2023-02-22> (/usr/local/texlive/2023/texmf-dist/tex/latex
/base/article.cls
Document Class: article 2022/07/02 v1.4n Standard LaTeX document class
(/usr/local/texlive/2023/texmf-dist/tex/latex/base/size12.clo
File: size12.clo 2022/07/02 v1.4n Standard LaTeX file (size option)
)
\c@part=\count185
\c@section=\count186
\c@subsection=\count187
\c@subsubsection=\count188
\c@paragraph=\count189
\c@subparagraph=\count190
\c@figure=\count191
\c@table=\count192
\abovecaptionskip=\skip48
\belowcaptionskip=\skip49
\bibindent=\dimen140
) (/usr/local/texlive/2023/texmf-dist/tex/latex/xcolor/xcolor.sty
Package: xcolor 2022/06/12 v2.14 LaTeX color extensions (UK)
(/usr/local/texlive/2023/texmf-dist/tex/latex/graphics-cfg/color.cfg
File: color.cfg 2016/01/02 v1.6 sample color configuration
)
Package xcolor Info: Driver file: pdftex.def on input line 227.
(/usr/local/texlive/2023/texmf-dist/tex/latex/graphics-def/pdftex.def
File: pdftex.def 2022/09/22 v1.2b Graphics/color driver for pdftex
) (/usr/local/texlive/2023/texmf-dist/tex/latex/graphics/mathcolor.ltx)
Package xcolor Info: Model `cmy' substituted by `cmy0' on input line 1353.
Package xcolor Info: Model `hsb' substituted by `rgb' on input line 1357.
Package xcolor Info: Model `RGB' extended on input line 1369.
Package xcolor Info: Model `HTML' substituted by `rgb' on input line 1371.
Package xcolor Info: Model `Hsb' substituted by `hsb' on input line 1372.
Package xcolor Info: Model `tHsb' substituted by `hsb' on input line 1373.
Package xcolor Info: Model `HSB' substituted by `hsb' on input line 1374.
Package xcolor Info: Model `Gray' substituted by `gray' on input line 1375.
Package xcolor Info: Model `wave' substituted by `hsb' on input line 1376.
) (/usr/local/texlive/2023/texmf-dist/tex/latex/geometry/geometry.sty
Package: geometry 2020/01/02 v5.9 Page Geometry
(/usr/local/texlive/2023/texmf-dist/tex/latex/graphics/keyval.sty
Package: keyval 2022/05/29 v1.15 key=value parser (DPC)
\KV@toks@=\toks16
) (/usr/local/texlive/2023/texmf-dist/tex/generic/iftex/ifvtex.sty
Package: ifvtex 2019/10/25 v1.7 ifvtex legacy package. Use iftex instead.
(/usr/local/texlive/2023/texmf-dist/tex/generic/iftex/iftex.sty
Package: iftex 2022/02/03 v1.0f TeX engine tests
))
\Gm@cnth=\count193
\Gm@cntv=\count194
\c@Gm@tempcnt=\count195
\Gm@bindingoffset=\dimen141
\Gm@wd@mp=\dimen142
\Gm@odd@mp=\dimen143
\Gm@even@mp=\dimen144
\Gm@layoutwidth=\dimen145
\Gm@layoutheight=\dimen146
\Gm@layouthoffset=\dimen147
\Gm@layoutvoffset=\dimen148
\Gm@dimlist=\toks17
) (/usr/local/texlive/2023/texmf-dist/tex/latex/amsmath/amsmath.sty
Package: amsmath 2022/04/08 v2.17n AMS math features
\@mathmargin=\skip50
For additional information on amsmath, use the `?' option.
(/usr/local/texlive/2023/texmf-dist/tex/latex/amsmath/amstext.sty
Package: amstext 2021/08/26 v2.01 AMS text
(/usr/local/texlive/2023/texmf-dist/tex/latex/amsmath/amsgen.sty
File: amsgen.sty 1999/11/30 v2.0 generic functions
\@emptytoks=\toks18
\ex@=\dimen149
)) (/usr/local/texlive/2023/texmf-dist/tex/latex/amsmath/amsbsy.sty
Package: amsbsy 1999/11/29 v1.2d Bold Symbols
\pmbraise@=\dimen150
) (/usr/local/texlive/2023/texmf-dist/tex/latex/amsmath/amsopn.sty
Package: amsopn 2022/04/08 v2.04 operator names
)
\inf@bad=\count196
LaTeX Info: Redefining \frac on input line 234.
\uproot@=\count197
\leftroot@=\count198
LaTeX Info: Redefining \overline on input line 399.
LaTeX Info: Redefining \colon on input line 410.
\classnum@=\count199
\DOTSCASE@=\count266
LaTeX Info: Redefining \ldots on input line 496.
LaTeX Info: Redefining \dots on input line 499.
LaTeX Info: Redefining \cdots on input line 620.
\Mathstrutbox@=\box51
\strutbox@=\box52
LaTeX Info: Redefining \big on input line 722.
LaTeX Info: Redefining \Big on input line 723.
LaTeX Info: Redefining \bigg on input line 724.
LaTeX Info: Redefining \Bigg on input line 725.
\big@size=\dimen151
LaTeX Font Info:    Redeclaring font encoding OML on input line 743.
LaTeX Font Info:    Redeclaring font encoding OMS on input line 744.
\macc@depth=\count267
LaTeX Info: Redefining \bmod on input line 905.
LaTeX Info: Redefining \pmod on input line 910.
LaTeX Info: Redefining \smash on input line 940.
LaTeX Info: Redefining \relbar on input line 970.
LaTeX Info: Redefining \Relbar on input line 971.
\c@MaxMatrixCols=\count268
\dotsspace@=\muskip16
\c@parentequation=\count269
\dspbrk@lvl=\count270
\tag@help=\toks19
\row@=\count271
\column@=\count272
\maxfields@=\count273
\andhelp@=\toks20
\eqnshift@=\dimen152
\alignsep@=\dimen153
\tagshift@=\dimen154
\tagwidth@=\dimen155
\totwidth@=\dimen156
\lineht@=\dimen157
\@envbody=\toks21
\multlinegap=\skip51
\multlinetaggap=\skip52
\mathdisplay@stack=\toks22
LaTeX Info: Redefining \[ on input line 2953.
LaTeX Info: Redefining \] on input line 2954.
) (/usr/local/texlive/2023/texmf-dist/tex/latex/amsfonts/amssymb.sty
Package: amssymb 2013/01/14 v3.01 AMS font symbols
(/usr/local/texlive/2023/texmf-dist/tex/latex/amsfonts/amsfonts.sty
Package: amsfonts 2013/01/14 v3.01 Basic AMSFonts support
\symAMSa=\mathgroup4
\symAMSb=\mathgroup5
LaTeX Font Info:    Redeclaring math symbol \hbar on input line 98.
LaTeX Font Info:    Overwriting math alphabet `\mathfrak' in version `bold'
(Font)                  U/euf/m/n --> U/euf/b/n on input line 106.
)) (/usr/local/texlive/2023/texmf-dist/tex/latex/base/fontenc.sty
Package: fontenc 2021/04/29 v2.0v Standard LaTeX package
) (/usr/local/texlive/2023/texmf-dist/tex/latex/base/inputenc.sty
Package: inputenc 2021/02/14 v1.3d Input encoding file
\inpenc@prehook=\toks23
\inpenc@posthook=\toks24
) (/usr/local/texlive/2023/texmf-dist/tex/latex/base/textcomp.sty
Package: textcomp 2020/02/02 v2.0n Standard LaTeX package
) (/usr/local/texlive/2023/texmf-dist/tex/latex/lm/lmodern.sty
Package: lmodern 2015/05/01 v1.6.1 Latin Modern Fonts
LaTeX Font Info:    Overwriting symbol font `operators' in version `normal'
(Font)                  OT1/cmr/m/n --> OT1/lmr/m/n on input line 22.
LaTeX Font Info:    Overwriting symbol font `letters' in version `normal'
(Font)                  OML/cmm/m/it --> OML/lmm/m/it on input line 23.
LaTeX Font Info:    Overwriting symbol font `symbols' in version `normal'
(Font)                  OMS/cmsy/m/n --> OMS/lmsy/m/n on input line 24.
LaTeX Font Info:    Overwriting symbol font `largesymbols' in version `normal'
(Font)                  OMX/cmex/m/n --> OMX/lmex/m/n on input line 25.
LaTeX Font Info:    Overwriting symbol font `operators' in version `bold'
(Font)                  OT1/cmr/bx/n --> OT1/lmr/bx/n on input line 26.
LaTeX Font Info:    Overwriting symbol font `letters' in version `bold'
(Font)                  OML/cmm/b/it --> OML/lmm/b/it on input line 27.
LaTeX Font Info:    Overwriting symbol font `symbols' in version `bold'
(Font)                  OMS/cmsy/b/n --> OMS/lmsy/b/n on input line 28.
LaTeX Font Info:    Overwriting symbol font `largesymbols' in version `bold'
(Font)                  OMX/cmex/m/n --> OMX/lmex/m/n on input line 29.
LaTeX Font Info:    Overwriting math alphabet `\mathbf' in version `normal'
(Font)                  OT1/cmr/bx/n --> OT1/lmr/bx/n on input line 31.
LaTeX Font Info:    Overwriting math alphabet `\mathsf' in version `normal'
(Font)                  OT1/cmss/m/n --> OT1/lmss/m/n on input line 32.
LaTeX Font Info:    Overwriting math alphabet `\mathit' in version `normal'
(Font)                  OT1/cmr/m/it --> OT1/lmr/m/it on input line 33.
LaTeX Font Info:    Overwriting math alphabet `\mathtt' in version `normal'
(Font)                  OT1/cmtt/m/n --> OT1/lmtt/m/n on input line 34.
LaTeX Font Info:    Overwriting math alphabet `\mathbf' in version `bold'
(Font)                  OT1/cmr/bx/n --> OT1/lmr/bx/n on input line 35.
LaTeX Font Info:    Overwriting math alphabet `\mathsf' in version `bold'
(Font)                  OT1/cmss/bx/n --> OT1/lmss/bx/n on input line 36.
LaTeX Font Info:    Overwriting math alphabet `\mathit' in version `bold'
(Font)                  OT1/cmr/bx/it --> OT1/lmr/bx/it on input line 37.
LaTeX Font Info:    Overwriting math alphabet `\mathtt' in version `bold'
(Font)                  OT1/cmtt/m/n --> OT1/lmtt/m/n on input line 38.
) (/usr/local/texlive/2023/texmf-dist/tex/latex/upquote/upquote.sty
Package: upquote 2012/04/19 v1.3 upright-quote and grave-accent glyphs in verba
tim
) (/usr/local/texlive/2023/texmf-dist/tex/latex/microtype/microtype.sty
Package: microtype 2023/03/13 v3.1a Micro-typographical refinements (RS)
(/usr/local/texlive/2023/texmf-dist/tex/latex/etoolbox/etoolbox.sty
Package: etoolbox 2020/10/05 v2.5k e-TeX tools for LaTeX (JAW)
\etb@tempcnta=\count274
)
\MT@toks=\toks25
\MT@tempbox=\box53
\MT@count=\count275
LaTeX Info: Redefining \noprotrusionifhmode on input line 1059.
LaTeX Info: Redefining \leftprotrusion on input line 1060.
\MT@prot@toks=\toks26
LaTeX Info: Redefining \rightprotrusion on input line 1078.
LaTeX Info: Redefining \textls on input line 1368.
\MT@outer@kern=\dimen158
LaTeX Info: Redefining \textmicrotypecontext on input line 1988.
\MT@listname@count=\count276
(/usr/local/texlive/2023/texmf-dist/tex/latex/microtype/microtype-pdftex.def
File: microtype-pdftex.def 2023/03/13 v3.1a Definitions specific to pdftex (RS)

LaTeX Info: Redefining \lsstyle on input line 902.
LaTeX Info: Redefining \lslig on input line 902.
\MT@outer@space=\skip53
)
Package microtype Info: Loading configuration file microtype.cfg.
(/usr/local/texlive/2023/texmf-dist/tex/latex/microtype/microtype.cfg
File: microtype.cfg 2023/03/13 v3.1a microtype main configuration file (RS)
)) (/usr/local/texlive/2023/texmf-dist/tex/latex/parskip/parskip.sty
Package: parskip 2021-03-14 v2.0h non-zero parskip adjustments
(/usr/local/texlive/2023/texmf-dist/tex/latex/kvoptions/kvoptions.sty
Package: kvoptions 2022-06-15 v3.15 Key value format for package options (HO)
(/usr/local/texlive/2023/texmf-dist/tex/generic/ltxcmds/ltxcmds.sty
Package: ltxcmds 2020-05-10 v1.25 LaTeX kernel commands for general use (HO)
) (/usr/local/texlive/2023/texmf-dist/tex/latex/kvsetkeys/kvsetkeys.sty
Package: kvsetkeys 2022-10-05 v1.19 Key value parser (HO)
))) (/usr/local/texlive/2023/texmf-dist/tex/latex/tools/longtable.sty
Package: longtable 2021-09-01 v4.17 Multi-page Table package (DPC)
\LTleft=\skip54
\LTright=\skip55
\LTpre=\skip56
\LTpost=\skip57
\LTchunksize=\count277
\LTcapwidth=\dimen159
\LT@head=\box54
\LT@firsthead=\box55
\LT@foot=\box56
\LT@lastfoot=\box57
\LT@gbox=\box58
\LT@cols=\count278
\LT@rows=\count279
\c@LT@tables=\count280
\c@LT@chunks=\count281
\LT@p@ftn=\toks27
) (/usr/local/texlive/2023/texmf-dist/tex/latex/booktabs/booktabs.sty
Package: booktabs 2020/01/12 v1.61803398 Publication quality tables
\heavyrulewidth=\dimen160
\lightrulewidth=\dimen161
\cmidrulewidth=\dimen162
\belowrulesep=\dimen163
\belowbottomsep=\dimen164
\aboverulesep=\dimen165
\abovetopsep=\dimen166
\cmidrulesep=\dimen167
\cmidrulekern=\dimen168
\defaultaddspace=\dimen169
\@cmidla=\count282
\@cmidlb=\count283
\@aboverulesep=\dimen170
\@belowrulesep=\dimen171
\@thisruleclass=\count284
\@lastruleclass=\count285
\@thisrulewidth=\dimen172
) (/usr/local/texlive/2023/texmf-dist/tex/latex/tools/array.sty
Package: array 2022/09/04 v2.5g Tabular extension package (FMi)
\col@sep=\dimen173
\ar@mcellbox=\box59
\extrarowheight=\dimen174
\NC@list=\toks28
\extratabsurround=\skip58
\backup@length=\skip59
\ar@cellbox=\box60
) (/usr/local/texlive/2023/texmf-dist/tex/latex/tools/calc.sty
Package: calc 2017/05/25 v4.3 Infix arithmetic (KKT,FJ)
\calc@Acount=\count286
\calc@Bcount=\count287
\calc@Adimen=\dimen175
\calc@Bdimen=\dimen176
\calc@Askip=\skip60
\calc@Bskip=\skip61
LaTeX Info: Redefining \setlength on input line 80.
LaTeX Info: Redefining \addtolength on input line 81.
\calc@Ccount=\count288
\calc@Cskip=\skip62
) (/usr/local/texlive/2023/texmf-dist/tex/latex/footnotehyper/footnotehyper.sty
Package: footnotehyper 2021/08/13 v1.1e hyperref aware footnote.sty (JFB)
\FNH@notes=\box61
\FNH@width=\dimen177
\FNH@toks=\toks29
) (/usr/local/texlive/2023/texmf-dist/tex/latex/graphics/graphicx.sty
Package: graphicx 2021/09/16 v1.2d Enhanced LaTeX Graphics (DPC,SPQR)
(/usr/local/texlive/2023/texmf-dist/tex/latex/graphics/graphics.sty
Package: graphics 2022/03/10 v1.4e Standard LaTeX Graphics (DPC,SPQR)
(/usr/local/texlive/2023/texmf-dist/tex/latex/graphics/trig.sty
Package: trig 2021/08/11 v1.11 sin cos tan (DPC)
) (/usr/local/texlive/2023/texmf-dist/tex/latex/graphics-cfg/graphics.cfg
File: graphics.cfg 2016/06/04 v1.11 sample graphics configuration
)
Package graphics Info: Driver file: pdftex.def on input line 107.
)
\Gin@req@height=\dimen178
\Gin@req@width=\dimen179
)
\pandoc@box=\box62
(/usr/local/texlive/2023/texmf-dist/tex/latex/polski/polski.sty
Package: polski 2021/08/25 v1.3.6 Polish language package
   Inputenc package detected. Catcodes not changed.
(/usr/local/texlive/2023/texmf-dist/tex/latex/base/ot4enc.def
File: ot4enc.def 2021/04/29 v2.0v Standard LaTeX file
Now handling font encoding OT4 ...
... no UTF-8 mapping file for font encoding OT4
)) (/usr/local/texlive/2023/texmf-dist/tex/latex/float/float.sty
Package: float 2001/11/08 v1.3d Float enhancements (AL)
\c@float@type=\count289
\float@exts=\toks30
\float@box=\box63
\@float@everytoks=\toks31
\@floatcapt=\box64
) (/usr/local/texlive/2023/texmf-dist/tex/latex/bookmark/bookmark.sty
Package: bookmark 2020-11-06 v1.29 PDF bookmarks (HO)
(/usr/local/texlive/2023/texmf-dist/tex/latex/hyperref/hyperref.sty
Package: hyperref 2023-02-07 v7.00v Hypertext links for LaTeX
(/usr/local/texlive/2023/texmf-dist/tex/generic/pdftexcmds/pdftexcmds.sty
Package: pdftexcmds 2020-06-27 v0.33 Utility functions of pdfTeX for LuaTeX (HO
)
(/usr/local/texlive/2023/texmf-dist/tex/generic/infwarerr/infwarerr.sty
Package: infwarerr 2019/12/03 v1.5 Providing info/warning/error messages (HO)
)
Package pdftexcmds Info: \pdf@primitive is available.
Package pdftexcmds Info: \pdf@ifprimitive is available.
Package pdftexcmds Info: \pdfdraftmode found.
) (/usr/local/texlive/2023/texmf-dist/tex/generic/kvdefinekeys/kvdefinekeys.sty
Package: kvdefinekeys 2019-12-19 v1.6 Define keys (HO)
) (/usr/local/texlive/2023/texmf-dist/tex/generic/pdfescape/pdfescape.sty
Package: pdfescape 2019/12/09 v1.15 Implements pdfTeX's escape features (HO)
) (/usr/local/texlive/2023/texmf-dist/tex/latex/hycolor/hycolor.sty
Package: hycolor 2020-01-27 v1.10 Color options for hyperref/bookmark (HO)
) (/usr/local/texlive/2023/texmf-dist/tex/latex/letltxmacro/letltxmacro.sty
Package: letltxmacro 2019/12/03 v1.6 Let assignment for LaTeX macros (HO)
) (/usr/local/texlive/2023/texmf-dist/tex/latex/auxhook/auxhook.sty
Package: auxhook 2019-12-17 v1.6 Hooks for auxiliary files (HO)
) (/usr/local/texlive/2023/texmf-dist/tex/latex/hyperref/nameref.sty
Package: nameref 2022-05-17 v2.50 Cross-referencing by name of section
(/usr/local/texlive/2023/texmf-dist/tex/latex/refcount/refcount.sty
Package: refcount 2019/12/15 v3.6 Data extraction from label references (HO)
)
(/usr/local/texlive/2023/texmf-dist/tex/generic/gettitlestring/gettitlestring.s
ty
Package: gettitlestring 2019/12/15 v1.6 Cleanup title references (HO)
)
\c@section@level=\count290
)
\@linkdim=\dimen180
\Hy@linkcounter=\count291
\Hy@pagecounter=\count292
(/usr/local/texlive/2023/texmf-dist/tex/latex/hyperref/pd1enc.def
File: pd1enc.def 2023-02-07 v7.00v Hyperref: PDFDocEncoding definition (HO)
Now handling font encoding PD1 ...
... no UTF-8 mapping file for font encoding PD1
) (/usr/local/texlive/2023/texmf-dist/tex/generic/intcalc/intcalc.sty
Package: intcalc 2019/12/15 v1.3 Expandable calculations with integers (HO)
) (/usr/local/texlive/2023/texmf-dist/tex/generic/etexcmds/etexcmds.sty
Package: etexcmds 2019/12/15 v1.7 Avoid name clashes with e-TeX commands (HO)
)
\Hy@SavedSpaceFactor=\count293
(/usr/local/texlive/2023/texmf-dist/tex/latex/hyperref/puenc.def
File: puenc.def 2023-02-07 v7.00v Hyperref: PDF Unicode definition (HO)
Now handling font encoding PU ...
... no UTF-8 mapping file for font encoding PU
)
Package hyperref Info: Option `unicode' set `true' on input line 4060.
Package hyperref Info: Hyper figures OFF on input line 4177.
Package hyperref Info: Link nesting OFF on input line 4182.
Package hyperref Info: Hyper index ON on input line 4185.
Package hyperref Info: Plain pages OFF on input line 4192.
Package hyperref Info: Backreferencing OFF on input line 4197.
Package hyperref Info: Implicit mode ON; LaTeX internals redefined.
Package hyperref Info: Bookmarks ON on input line 4425.
\c@Hy@tempcnt=\count294
(/usr/local/texlive/2023/texmf-dist/tex/latex/url/url.sty
\Urlmuskip=\muskip17
Package: url 2013/09/16  ver 3.4  Verb mode for urls, etc.
)
LaTeX Info: Redefining \url on input line 4763.
\XeTeXLinkMargin=\dimen181
(/usr/local/texlive/2023/texmf-dist/tex/generic/bitset/bitset.sty
Package: bitset 2019/12/09 v1.3 Handle bit-vector datatype (HO)
(/usr/local/texlive/2023/texmf-dist/tex/generic/bigintcalc/bigintcalc.sty
Package: bigintcalc 2019/12/15 v1.5 Expandable calculations on big integers (HO
)
))
\Fld@menulength=\count295
\Field@Width=\dimen182
\Fld@charsize=\dimen183
Package hyperref Info: Hyper figures OFF on input line 6042.
Package hyperref Info: Link nesting OFF on input line 6047.
Package hyperref Info: Hyper index ON on input line 6050.
Package hyperref Info: backreferencing OFF on input line 6057.
Package hyperref Info: Link coloring OFF on input line 6062.
Package hyperref Info: Link coloring with OCG OFF on input line 6067.
Package hyperref Info: PDF/A mode OFF on input line 6072.
(/usr/local/texlive/2023/texmf-dist/tex/latex/base/atbegshi-ltx.sty
Package: atbegshi-ltx 2021/01/10 v1.0c Emulation of the original atbegshi
package with kernel methods
)
\Hy@abspage=\count296
\c@Item=\count297
\c@Hfootnote=\count298
)
Package hyperref Info: Driver (autodetected): hpdftex.
(/usr/local/texlive/2023/texmf-dist/tex/latex/hyperref/hpdftex.def
File: hpdftex.def 2023-02-07 v7.00v Hyperref driver for pdfTeX
(/usr/local/texlive/2023/texmf-dist/tex/latex/base/atveryend-ltx.sty
Package: atveryend-ltx 2020/08/19 v1.0a Emulation of the original atveryend pac
kage
with kernel methods
)
\Fld@listcount=\count299
\c@bookmark@seq@number=\count300

(/usr/local/texlive/2023/texmf-dist/tex/latex/rerunfilecheck/rerunfilecheck.sty
Package: rerunfilecheck 2022-07-10 v1.10 Rerun checks for auxiliary files (HO)

(/usr/local/texlive/2023/texmf-dist/tex/generic/uniquecounter/uniquecounter.sty
Package: uniquecounter 2019/12/15 v1.4 Provide unlimited unique counter (HO)
)
Package uniquecounter Info: New unique counter `rerunfilecheck' on input line 2
85.
)
\Hy@SectionHShift=\skip63
) (/usr/local/texlive/2023/texmf-dist/tex/latex/bookmark/bkm-pdftex.def
File: bkm-pdftex.def 2020-11-06 v1.29 bookmark driver for pdfTeX (HO)
\BKM@id=\count301
)) (/usr/local/texlive/2023/texmf-dist/tex/latex/xurl/xurl.sty
Package: xurl 2022/01/09 v 0.10 modify URL breaks
)
LaTeX Font Info:    Trying to load font information for OT4+lmr on input line 8
7.
(/usr/local/texlive/2023/texmf-dist/tex/latex/lm/ot4lmr.fd
File: ot4lmr.fd 2015/05/01 v1.6.1 Font defs for Latin Modern
) (/usr/local/texlive/2023/texmf-dist/tex/latex/l3backend/l3backend-pdftex.def
File: l3backend-pdftex.def 2023-01-16 L3 backend support: PDF output (pdfTeX)
\l__color_backend_stack_int=\count302
\l__pdf_internal_box=\box65
) (./raw.aux

LaTeX Warning: Label `fig:wklad_pc1' multiply defined.


LaTeX Warning: Label `fig:wklad_pc2' multiply defined.


LaTeX Warning: Label `fig:wklad_pc3' multiply defined.


LaTeX Warning: Label `fig:biplot' multiply defined.


LaTeX Warning: Label `fig:macierz_korelacji' multiply defined.

)
\openout1 = `raw.aux'.

LaTeX Font Info:    Checking defaults for OML/cmm/m/it on input line 87.
LaTeX Font Info:    ... okay on input line 87.
LaTeX Font Info:    Checking defaults for OMS/cmsy/m/n on input line 87.
LaTeX Font Info:    ... okay on input line 87.
LaTeX Font Info:    Checking defaults for OT1/cmr/m/n on input line 87.
LaTeX Font Info:    ... okay on input line 87.
LaTeX Font Info:    Checking defaults for T1/cmr/m/n on input line 87.
LaTeX Font Info:    ... okay on input line 87.
LaTeX Font Info:    Checking defaults for TS1/cmr/m/n on input line 87.
LaTeX Font Info:    ... okay on input line 87.
LaTeX Font Info:    Checking defaults for OMX/cmex/m/n on input line 87.
LaTeX Font Info:    ... okay on input line 87.
LaTeX Font Info:    Checking defaults for U/cmr/m/n on input line 87.
LaTeX Font Info:    ... okay on input line 87.
LaTeX Font Info:    Checking defaults for OT4/cmr/m/n on input line 87.
LaTeX Font Info:    Trying to load font information for OT4+cmr on input line 8
7.
(/usr/local/texlive/2023/texmf-dist/tex/latex/polski/ot4cmr.fd
File: ot4cmr.fd 2008/02/24 v1.2.1 Font defs for fonts PL (MW)
)
LaTeX Font Info:    ... okay on input line 87.
LaTeX Font Info:    Checking defaults for PD1/pdf/m/n on input line 87.
LaTeX Font Info:    ... okay on input line 87.
LaTeX Font Info:    Checking defaults for PU/pdf/m/n on input line 87.
LaTeX Font Info:    ... okay on input line 87.
(/usr/local/texlive/2023/texmf-dist/tex/context/base/mkii/supp-pdf.mkii
[Loading MPS to PDF converter (version 2006.09.02).]
\scratchcounter=\count303
\scratchdimen=\dimen184
\scratchbox=\box66
\nofMPsegments=\count304
\nofMParguments=\count305
\everyMPshowfont=\toks32
\MPscratchCnt=\count306
\MPscratchDim=\dimen185
\MPnumerator=\count307
\makeMPintoPDFobject=\count308
\everyMPtoPDFconversion=\toks33
) (/usr/local/texlive/2023/texmf-dist/tex/latex/epstopdf-pkg/epstopdf-base.sty
Package: epstopdf-base 2020-01-24 v2.11 Base part for package epstopdf
Package epstopdf-base Info: Redefining graphics rule for `.eps' on input line 4
85.
(/usr/local/texlive/2023/texmf-dist/tex/latex/latexconfig/epstopdf-sys.cfg
File: epstopdf-sys.cfg 2010/07/13 v1.3 Configuration of (r)epstopdf for TeX Liv
e
))
*geometry* driver: auto-detecting
*geometry* detected driver: pdftex
*geometry* verbose mode - [ preamble ] result:
* driver: pdftex
* paper: <default>
* layout: <same size as paper>
* layoutoffset:(h,v)=(0.0pt,0.0pt)
* modes: 
* h-part:(L,W,R)=(72.26999pt, 469.75502pt, 72.26999pt)
* v-part:(T,H,B)=(72.26999pt, 650.43001pt, 72.26999pt)
* \paperwidth=614.295pt
* \paperheight=794.96999pt
* \textwidth=469.75502pt
* \textheight=650.43001pt
* \oddsidemargin=0.0pt
* \evensidemargin=0.0pt
* \topmargin=-37.0pt
* \headheight=12.0pt
* \headsep=25.0pt
* \topskip=12.0pt
* \footskip=30.0pt
* \marginparwidth=44.0pt
* \marginparsep=10.0pt
* \columnsep=10.0pt
* \skip\footins=10.8pt plus 4.0pt minus 2.0pt
* \hoffset=0.0pt
* \voffset=0.0pt
* \mag=1000
* \@twocolumnfalse
* \@twosidefalse
* \@mparswitchfalse
* \@reversemarginfalse
* (1in=72.27pt=25.4mm, 1cm=28.453pt)

LaTeX Info: Redefining \microtypecontext on input line 87.
Package microtype Info: Applying patch `item' on input line 87.
Package microtype Info: Applying patch `toc' on input line 87.
Package microtype Info: Applying patch `eqnum' on input line 87.
Package microtype Info: Applying patch `footnote' on input line 87.
Package microtype Info: Applying patch `verbatim' on input line 87.
Package microtype Info: Generating PDF output.
Package microtype Info: Character protrusion enabled (level 2).
Package microtype Info: Using protrusion set `basicmath'.
Package microtype Info: Automatic font expansion enabled (level 2),
(microtype)             stretch: 20, shrink: 20, step: 1, non-selected.
Package microtype Info: Using default expansion set `alltext-nott'.
LaTeX Info: Redefining \showhyphens on input line 87.
Package microtype Info: No adjustment of tracking.
Package microtype Info: No adjustment of interword spacing.
Package microtype Info: No adjustment of character kerning.
(/usr/local/texlive/2023/texmf-dist/tex/latex/microtype/mt-cmr.cfg
File: mt-cmr.cfg 2013/05/19 v2.2 microtype config. file: Computer Modern Roman 
(RS)
)
Package hyperref Info: Link coloring OFF on input line 87.
LaTeX Font Info:    Trying to load font information for OT1+lmr on input line 8
9.
(/usr/local/texlive/2023/texmf-dist/tex/latex/lm/ot1lmr.fd
File: ot1lmr.fd 2015/05/01 v1.6.1 Font defs for Latin Modern
)
LaTeX Font Info:    Trying to load font information for OML+lmm on input line 8
9.
(/usr/local/texlive/2023/texmf-dist/tex/latex/lm/omllmm.fd
File: omllmm.fd 2015/05/01 v1.6.1 Font defs for Latin Modern
)
LaTeX Font Info:    Trying to load font information for OMS+lmsy on input line 
89.
(/usr/local/texlive/2023/texmf-dist/tex/latex/lm/omslmsy.fd
File: omslmsy.fd 2015/05/01 v1.6.1 Font defs for Latin Modern
)
LaTeX Font Info:    Trying to load font information for OMX+lmex on input line 
89.
(/usr/local/texlive/2023/texmf-dist/tex/latex/lm/omxlmex.fd
File: omxlmex.fd 2015/05/01 v1.6.1 Font defs for Latin Modern
)
LaTeX Font Info:    External font `lmex10' loaded for size
(Font)              <14.4> on input line 89.
LaTeX Font Info:    External font `lmex10' loaded for size
(Font)              <10> on input line 89.
LaTeX Font Info:    External font `lmex10' loaded for size
(Font)              <7> on input line 89.
LaTeX Font Info:    Trying to load font information for U+msa on input line 89.

(/usr/local/texlive/2023/texmf-dist/tex/latex/amsfonts/umsa.fd
File: umsa.fd 2013/01/14 v3.01 AMS symbols A
) (/usr/local/texlive/2023/texmf-dist/tex/latex/microtype/mt-msa.cfg
File: mt-msa.cfg 2006/02/04 v1.1 microtype config. file: AMS symbols (a) (RS)
)
LaTeX Font Info:    Trying to load font information for U+msb on input line 89.

(/usr/local/texlive/2023/texmf-dist/tex/latex/amsfonts/umsb.fd
File: umsb.fd 2013/01/14 v3.01 AMS symbols B
) (/usr/local/texlive/2023/texmf-dist/tex/latex/microtype/mt-msb.cfg
File: mt-msb.cfg 2005/06/01 v1.0 microtype config. file: AMS symbols (b) (RS)
) (./raw.toc
LaTeX Font Info:    External font `lmex10' loaded for size
(Font)              <12> on input line 2.
LaTeX Font Info:    External font `lmex10' loaded for size
(Font)              <8> on input line 2.
LaTeX Font Info:    External font `lmex10' loaded for size
(Font)              <6> on input line 2.
)
\tf@toc=\write3
\openout3 = `raw.toc'.

[1

{/usr/local/texlive/2023/texmf-var/fonts/map/pdftex/updmap/pdftex.map}{/usr/loc
al/texlive/2023/texmf-dist/fonts/enc/dvips/lm/lm-rm.enc}]
LaTeX Font Info:    Trying to load font information for OT4+lmtt on input line 
100.
(/usr/local/texlive/2023/texmf-dist/tex/latex/lm/ot4lmtt.fd
File: ot4lmtt.fd 2015/05/01 v1.6.1 Font defs for Latin Modern
)
<raw_files/figure-latex/histogramy-1.pdf, id=47, 428.60126pt x 496.85625pt>
File: raw_files/figure-latex/histogramy-1.pdf Graphic file (type pdf)
<use raw_files/figure-latex/histogramy-1.pdf>
Package pdftex.def Info: raw_files/figure-latex/histogramy-1.pdf  used on input
 line 109.
(pdftex.def)             Requested size: 428.6002pt x 496.85503pt.
<raw_files/figure-latex/wykresy rozrzutu-1.pdf, id=48, 497.86pt x 569.12625pt>
File: raw_files/figure-latex/wykresy rozrzutu-1.pdf Graphic file (type pdf)
<use raw_files/figure-latex/wykresy rozrzutu-1.pdf>
Package pdftex.def Info: raw_files/figure-latex/wykresy rozrzutu-1.pdf  used on
 input line 118.
(pdftex.def)             Requested size: 497.85878pt x 569.12486pt.

Overfull \hbox (28.10376pt too wide) in paragraph at lines 118--119
 [][] 
 []

[2{/usr/local/texlive/2023/texmf-dist/fonts/enc/dvips/lm/lm-rmtt.enc} <./raw_fi
les/figure-latex/histogramy-1.pdf>]
<raw_files/figure-latex/wykresy pudełkowe-1.pdf, id=60, 423.5825pt x 496.85625
pt>
File: raw_files/figure-latex/wykresy pudełkowe-1.pdf Graphic file (type pdf)
<use raw_files/figure-latex/wykresy pudełkowe-1.pdf>
Package pdftex.def Info: raw_files/figure-latex/wykresy pudełkowe-1.pdf  used 
on input line 127.
(pdftex.def)             Requested size: 423.58147pt x 496.85503pt.
[3 <./raw_files/figure-latex/wykresy rozrzutu-1.pdf>] [4 <./raw_files/figure-la
tex/wykresy pudełkowe-1.pdf>]
<raw_files/figure-latex/equal frequency histogram-1.pdf, id=84, 280.04625pt x 2
07.77625pt>
File: raw_files/figure-latex/equal frequency histogram-1.pdf Graphic file (type
 pdf)
<use raw_files/figure-latex/equal frequency histogram-1.pdf>
Package pdftex.def Info: raw_files/figure-latex/equal frequency histogram-1.pdf
  used on input line 154.
(pdftex.def)             Requested size: 280.04555pt x 207.77573pt.
<raw_files/figure-latex/equal frequency wykres rozrzutu-1.pdf, id=85, 271.0125p
t x 207.77625pt>
File: raw_files/figure-latex/equal frequency wykres rozrzutu-1.pdf Graphic file
 (type pdf)
<use raw_files/figure-latex/equal frequency wykres rozrzutu-1.pdf>
Package pdftex.def Info: raw_files/figure-latex/equal frequency wykres rozrzutu
-1.pdf  used on input line 163.
(pdftex.def)             Requested size: 271.01183pt x 207.77573pt.
<raw_files/figure-latex/equal frequency wykres mozaikowy-1.pdf, id=86, 281.05pt
 x 145.54375pt>
File: raw_files/figure-latex/equal frequency wykres mozaikowy-1.pdf Graphic fil
e (type pdf)
<use raw_files/figure-latex/equal frequency wykres mozaikowy-1.pdf>
Package pdftex.def Info: raw_files/figure-latex/equal frequency wykres mozaikow
y-1.pdf  used on input line 172.
(pdftex.def)             Requested size: 281.0493pt x 145.54338pt.
[5 <./raw_files/figure-latex/equal frequency histogram-1.pdf> <./raw_files/figu
re-latex/equal frequency wykres rozrzutu-1.pdf>] [6 <./raw_files/figure-latex/e
qual frequency wykres mozaikowy-1.pdf>]
<raw_files/figure-latex/equal frequency histogram sepal.width-1.pdf, id=119, 28
3.0575pt x 207.77625pt>
File: raw_files/figure-latex/equal frequency histogram sepal.width-1.pdf Graphi
c file (type pdf)
<use raw_files/figure-latex/equal frequency histogram sepal.width-1.pdf>
Package pdftex.def Info: raw_files/figure-latex/equal frequency histogram sepal
.width-1.pdf  used on input line 230.
(pdftex.def)             Requested size: 283.0568pt x 207.77573pt.
<raw_files/figure-latex/equal frequency wykres rozrzutu sepal.width-1.pdf, id=1
20, 271.0125pt x 207.77625pt>
File: raw_files/figure-latex/equal frequency wykres rozrzutu sepal.width-1.pdf 
Graphic file (type pdf)
<use raw_files/figure-latex/equal frequency wykres rozrzutu sepal.width-1.pdf>
Package pdftex.def Info: raw_files/figure-latex/equal frequency wykres rozrzutu
 sepal.width-1.pdf  used on input line 239.
(pdftex.def)             Requested size: 271.01183pt x 207.77573pt.
<raw_files/figure-latex/equal frequency wykres mozaikowy sepal.width-1.pdf, id=
121, 281.05pt x 145.54375pt>
File: raw_files/figure-latex/equal frequency wykres mozaikowy sepal.width-1.pdf
 Graphic file (type pdf)
<use raw_files/figure-latex/equal frequency wykres mozaikowy sepal.width-1.pdf>

Package pdftex.def Info: raw_files/figure-latex/equal frequency wykres mozaikow
y sepal.width-1.pdf  used on input line 248.
(pdftex.def)             Requested size: 281.0493pt x 145.54338pt.
[7 <./raw_files/figure-latex/equal frequency histogram sepal.width-1.pdf> <./ra
w_files/figure-latex/equal frequency wykres rozrzutu sepal.width-1.pdf>] [8 <./
raw_files/figure-latex/equal frequency wykres mozaikowy sepal.width-1.pdf>]
<raw_files/figure-latex/equal interval width histogram-1.pdf, id=155, 280.04625
pt x 207.77625pt>
File: raw_files/figure-latex/equal interval width histogram-1.pdf Graphic file 
(type pdf)
<use raw_files/figure-latex/equal interval width histogram-1.pdf>
Package pdftex.def Info: raw_files/figure-latex/equal interval width histogram-
1.pdf  used on input line 310.
(pdftex.def)             Requested size: 280.04555pt x 207.77573pt.
<raw_files/figure-latex/equal interval width wykres rozrzutu-1.pdf, id=156, 279
.0425pt x 207.77625pt>
File: raw_files/figure-latex/equal interval width wykres rozrzutu-1.pdf Graphic
 file (type pdf)
<use raw_files/figure-latex/equal interval width wykres rozrzutu-1.pdf>
Package pdftex.def Info: raw_files/figure-latex/equal interval width wykres roz
rzutu-1.pdf  used on input line 319.
(pdftex.def)             Requested size: 279.04181pt x 207.77573pt.
<raw_files/figure-latex/equal interval width wykres mozaikowy-1.pdf, id=157, 28
1.05pt x 145.54375pt>
File: raw_files/figure-latex/equal interval width wykres mozaikowy-1.pdf Graphi
c file (type pdf)
<use raw_files/figure-latex/equal interval width wykres mozaikowy-1.pdf>
Package pdftex.def Info: raw_files/figure-latex/equal interval width wykres moz
aikowy-1.pdf  used on input line 328.
(pdftex.def)             Requested size: 281.0493pt x 145.54338pt.
[9 <./raw_files/figure-latex/equal interval width histogram-1.pdf> <./raw_files
/figure-latex/equal interval width wykres rozrzutu-1.pdf>] [10 <./raw_files/fig
ure-latex/equal interval width wykres mozaikowy-1.pdf>]
<raw_files/figure-latex/equal interval width histogram sepal.width-1.pdf, id=19
1, 283.0575pt x 207.77625pt>
File: raw_files/figure-latex/equal interval width histogram sepal.width-1.pdf G
raphic file (type pdf)
<use raw_files/figure-latex/equal interval width histogram sepal.width-1.pdf>
Package pdftex.def Info: raw_files/figure-latex/equal interval width histogram 
sepal.width-1.pdf  used on input line 386.
(pdftex.def)             Requested size: 283.0568pt x 207.77573pt.
<raw_files/figure-latex/equal interval width wykres rozrzutu sepal.width-1.pdf,
 id=192, 279.0425pt x 207.77625pt>
File: raw_files/figure-latex/equal interval width wykres rozrzutu sepal.width-1
.pdf Graphic file (type pdf)
<use raw_files/figure-latex/equal interval width wykres rozrzutu sepal.width-1.
pdf>
Package pdftex.def Info: raw_files/figure-latex/equal interval width wykres roz
rzutu sepal.width-1.pdf  used on input line 395.
(pdftex.def)             Requested size: 279.04181pt x 207.77573pt.
<raw_files/figure-latex/equal interval width wykres mozaikowy sepal.width-1.pdf
, id=193, 281.05pt x 145.54375pt>
File: raw_files/figure-latex/equal interval width wykres mozaikowy sepal.width-
1.pdf Graphic file (type pdf)
<use raw_files/figure-latex/equal interval width wykres mozaikowy sepal.width-1
.pdf>
Package pdftex.def Info: raw_files/figure-latex/equal interval width wykres moz
aikowy sepal.width-1.pdf  used on input line 404.
(pdftex.def)             Requested size: 281.0493pt x 145.54338pt.
[11 <./raw_files/figure-latex/equal interval width histogram sepal.width-1.pdf>
 <./raw_files/figure-latex/equal interval width wykres rozrzutu sepal.width-1.p
df>] [12 <./raw_files/figure-latex/equal interval width wykres mozaikowy sepal.
width-1.pdf>]
Underfull \hbox (badness 1062) in paragraph at lines 454--454
[]\OT4/lmr/bx/n/14.4 (+20) Metoda opar-ta na al-go-ryt-mie gru-po-wa-nia (al-go
-rytm k-
 []

<raw_files/figure-latex/k-means histogram-1.pdf, id=226, 280.04625pt x 207.7762
5pt>
File: raw_files/figure-latex/k-means histogram-1.pdf Graphic file (type pdf)
<use raw_files/figure-latex/k-means histogram-1.pdf>
Package pdftex.def Info: raw_files/figure-latex/k-means histogram-1.pdf  used o
n input line 466.
(pdftex.def)             Requested size: 280.04555pt x 207.77573pt.
<raw_files/figure-latex/k-means wykres rozrzutu-1.pdf, id=227, 271.0125pt x 207
.77625pt>
File: raw_files/figure-latex/k-means wykres rozrzutu-1.pdf Graphic file (type p
df)
<use raw_files/figure-latex/k-means wykres rozrzutu-1.pdf>
Package pdftex.def Info: raw_files/figure-latex/k-means wykres rozrzutu-1.pdf  
used on input line 475.
(pdftex.def)             Requested size: 271.01183pt x 207.77573pt.
<raw_files/figure-latex/k-means wykres mozaikowy-1.pdf, id=228, 281.05pt x 143.
53625pt>
File: raw_files/figure-latex/k-means wykres mozaikowy-1.pdf Graphic file (type 
pdf)
<use raw_files/figure-latex/k-means wykres mozaikowy-1.pdf>
Package pdftex.def Info: raw_files/figure-latex/k-means wykres mozaikowy-1.pdf 
 used on input line 484.
(pdftex.def)             Requested size: 281.0493pt x 143.53589pt.
[13 <./raw_files/figure-latex/k-means histogram-1.pdf> <./raw_files/figure-late
x/k-means wykres rozrzutu-1.pdf>] [14 <./raw_files/figure-latex/k-means wykres 
mozaikowy-1.pdf>]
<raw_files/figure-latex/k-means histogram sepal.width-1.pdf, id=262, 280.04625p
t x 207.77625pt>
File: raw_files/figure-latex/k-means histogram sepal.width-1.pdf Graphic file (
type pdf)
<use raw_files/figure-latex/k-means histogram sepal.width-1.pdf>
Package pdftex.def Info: raw_files/figure-latex/k-means histogram sepal.width-1
.pdf  used on input line 543.
(pdftex.def)             Requested size: 280.04555pt x 207.77573pt.
<raw_files/figure-latex/k-means wykres rozrzutu sepal.width-1.pdf, id=263, 271.
0125pt x 207.77625pt>
File: raw_files/figure-latex/k-means wykres rozrzutu sepal.width-1.pdf Graphic 
file (type pdf)
<use raw_files/figure-latex/k-means wykres rozrzutu sepal.width-1.pdf>
Package pdftex.def Info: raw_files/figure-latex/k-means wykres rozrzutu sepal.w
idth-1.pdf  used on input line 552.
(pdftex.def)             Requested size: 271.01183pt x 207.77573pt.
<raw_files/figure-latex/k-means wykres mozaikowy sepal.width-1.pdf, id=264, 281
.05pt x 143.53625pt>
File: raw_files/figure-latex/k-means wykres mozaikowy sepal.width-1.pdf Graphic
 file (type pdf)
<use raw_files/figure-latex/k-means wykres mozaikowy sepal.width-1.pdf>
Package pdftex.def Info: raw_files/figure-latex/k-means wykres mozaikowy sepal.
width-1.pdf  used on input line 561.
(pdftex.def)             Requested size: 281.0493pt x 143.53589pt.
[15 <./raw_files/figure-latex/k-means histogram sepal.width-1.pdf> <./raw_files
/figure-latex/k-means wykres rozrzutu sepal.width-1.pdf>] [16 <./raw_files/figu
re-latex/k-means wykres mozaikowy sepal.width-1.pdf>]
<raw_files/figure-latex/uzytkownik histogram-1.pdf, id=297, 280.04625pt x 207.7
7625pt>
File: raw_files/figure-latex/uzytkownik histogram-1.pdf Graphic file (type pdf)

<use raw_files/figure-latex/uzytkownik histogram-1.pdf>
Package pdftex.def Info: raw_files/figure-latex/uzytkownik histogram-1.pdf  use
d on input line 624.
(pdftex.def)             Requested size: 280.04555pt x 207.77573pt.
<raw_files/figure-latex/uzytkownik wykres rozrzutu-1.pdf, id=298, 271.0125pt x 
207.77625pt>
File: raw_files/figure-latex/uzytkownik wykres rozrzutu-1.pdf Graphic file (typ
e pdf)
<use raw_files/figure-latex/uzytkownik wykres rozrzutu-1.pdf>
Package pdftex.def Info: raw_files/figure-latex/uzytkownik wykres rozrzutu-1.pd
f  used on input line 633.
(pdftex.def)             Requested size: 271.01183pt x 207.77573pt.
<raw_files/figure-latex/uzytkownik wykres mozaikowy-1.pdf, id=299, 281.05pt x 1
43.53625pt>
File: raw_files/figure-latex/uzytkownik wykres mozaikowy-1.pdf Graphic file (ty
pe pdf)
<use raw_files/figure-latex/uzytkownik wykres mozaikowy-1.pdf>
Package pdftex.def Info: raw_files/figure-latex/uzytkownik wykres mozaikowy-1.p
df  used on input line 642.
(pdftex.def)             Requested size: 281.0493pt x 143.53589pt.
[17 <./raw_files/figure-latex/uzytkownik histogram-1.pdf> <./raw_files/figure-l
atex/uzytkownik wykres rozrzutu-1.pdf>] [18 <./raw_files/figure-latex/uzytkowni
k wykres mozaikowy-1.pdf>]
<raw_files/figure-latex/uzytkownik histogram sepal.width-1.pdf, id=333, 283.057
5pt x 207.77625pt>
File: raw_files/figure-latex/uzytkownik histogram sepal.width-1.pdf Graphic fil
e (type pdf)
<use raw_files/figure-latex/uzytkownik histogram sepal.width-1.pdf>
Package pdftex.def Info: raw_files/figure-latex/uzytkownik histogram sepal.widt
h-1.pdf  used on input line 700.
(pdftex.def)             Requested size: 283.0568pt x 207.77573pt.
<raw_files/figure-latex/uzytkownik wykres rozrzutu sepal.width-1.pdf, id=334, 2
71.0125pt x 207.77625pt>
File: raw_files/figure-latex/uzytkownik wykres rozrzutu sepal.width-1.pdf Graph
ic file (type pdf)
<use raw_files/figure-latex/uzytkownik wykres rozrzutu sepal.width-1.pdf>
Package pdftex.def Info: raw_files/figure-latex/uzytkownik wykres rozrzutu sepa
l.width-1.pdf  used on input line 709.
(pdftex.def)             Requested size: 271.01183pt x 207.77573pt.
<raw_files/figure-latex/uzytkownik wykres mozaikowy sepal.width-1.pdf, id=335, 
281.05pt x 143.53625pt>
File: raw_files/figure-latex/uzytkownik wykres mozaikowy sepal.width-1.pdf Grap
hic file (type pdf)
<use raw_files/figure-latex/uzytkownik wykres mozaikowy sepal.width-1.pdf>
Package pdftex.def Info: raw_files/figure-latex/uzytkownik wykres mozaikowy sep
al.width-1.pdf  used on input line 718.
(pdftex.def)             Requested size: 281.0493pt x 143.53589pt.
[19 <./raw_files/figure-latex/uzytkownik histogram sepal.width-1.pdf> <./raw_fi
les/figure-latex/uzytkownik wykres rozrzutu sepal.width-1.pdf>]
LaTeX Font Info:    Trying to load font information for TS1+lmr on input line 7
70.
(/usr/local/texlive/2023/texmf-dist/tex/latex/lm/ts1lmr.fd
File: ts1lmr.fd 2015/05/01 v1.6.1 Font defs for Latin Modern
) [20{/usr/local/texlive/2023/texmf-dist/fonts/enc/dvips/lm/lm-ts1.enc} <./raw_
files/figure-latex/uzytkownik wykres mozaikowy sepal.width-1.pdf>]
<raw_files/figure-latex/wykresy pudełkowe zmienne ilosciowe-1.pdf, id=370, 472
.76625pt x 541.02126pt>
File: raw_files/figure-latex/wykresy pudełkowe zmienne ilosciowe-1.pdf Graphic
 file (type pdf)
<use raw_files/figure-latex/wykresy pudełkowe zmienne ilosciowe-1.pdf>
Package pdftex.def Info: raw_files/figure-latex/wykresy pudełkowe zmienne ilos
ciowe-1.pdf  used on input line 834.
(pdftex.def)             Requested size: 472.76509pt x 541.01993pt.

Overfull \hbox (3.01007pt too wide) in paragraph at lines 834--835
 [][] 
 []

[21]
<raw_files/figure-latex/wykresy pudełkowe zmienne ilosciowe standaryzacja-1.pd
f, id=378, 479.7925pt x 468.75125pt>
File: raw_files/figure-latex/wykresy pudełkowe zmienne ilosciowe standaryzacja
-1.pdf Graphic file (type pdf)
<use raw_files/figure-latex/wykresy pudełkowe zmienne ilosciowe standaryzacja-
1.pdf>
Package pdftex.def Info: raw_files/figure-latex/wykresy pudełkowe zmienne ilos
ciowe standaryzacja-1.pdf  used on input line 847.
(pdftex.def)             Requested size: 479.7913pt x 468.75009pt.

Overfull \hbox (10.03629pt too wide) in paragraph at lines 847--848
 [][] 
 []

[22 <./raw_files/figure-latex/wykresy pudełkowe zmienne ilosciowe-1.pdf>]
<raw_files/figure-latex/wariancje pca-1.pdf, id=390, 325.215pt x 193.72375pt>
File: raw_files/figure-latex/wariancje pca-1.pdf Graphic file (type pdf)
<use raw_files/figure-latex/wariancje pca-1.pdf>
Package pdftex.def Info: raw_files/figure-latex/wariancje pca-1.pdf  used on in
put line 862.
(pdftex.def)             Requested size: 325.2142pt x 193.72327pt.
[23 <./raw_files/figure-latex/wykresy pudełkowe zmienne ilosciowe standaryzacj
a-1.pdf>]
<raw_files/figure-latex/wykresy pudełkowe pca-1.pdf, id=401, 515.9275pt x 291.
0875pt>
File: raw_files/figure-latex/wykresy pudełkowe pca-1.pdf Graphic file (type pd
f)
<use raw_files/figure-latex/wykresy pudełkowe pca-1.pdf>
Package pdftex.def Info: raw_files/figure-latex/wykresy pudełkowe pca-1.pdf  u
sed on input line 871.
(pdftex.def)             Requested size: 515.92624pt x 291.08678pt.

Overfull \hbox (46.17122pt too wide) in paragraph at lines 871--872
 [][] 
 []

[24 <./raw_files/figure-latex/wariancje pca-1.pdf> <./raw_files/figure-latex/wy
kresy pudełkowe pca-1.pdf>]
<raw_files/figure-latex/skumulowana wariancja-1.pdf, id=420, 369.38pt x 290.083
76pt>
File: raw_files/figure-latex/skumulowana wariancja-1.pdf Graphic file (type pdf
)
<use raw_files/figure-latex/skumulowana wariancja-1.pdf>
Package pdftex.def Info: raw_files/figure-latex/skumulowana wariancja-1.pdf  us
ed on input line 888.
(pdftex.def)             Requested size: 369.37909pt x 290.08304pt.
LaTeX Font Info:    External font `lmex10' loaded for size
(Font)              <5> on input line 931.

Overfull \hbox (59.07649pt too wide) in paragraph at lines 931--933
 [][] 
 []

[25 <./raw_files/figure-latex/skumulowana wariancja-1.pdf>]
<raw_files/figure-latex/wklad_pc1-1.pdf, id=434, 302.12875pt x 215.80624pt>
File: raw_files/figure-latex/wklad_pc1-1.pdf Graphic file (type pdf)
<use raw_files/figure-latex/wklad_pc1-1.pdf>
Package pdftex.def Info: raw_files/figure-latex/wklad_pc1-1.pdf  used on input 
line 944.
(pdftex.def)             Requested size: 302.128pt x 215.80571pt.
<raw_files/figure-latex/wklad_pc2-1.pdf, id=435, 302.12875pt x 215.80624pt>
File: raw_files/figure-latex/wklad_pc2-1.pdf Graphic file (type pdf)
<use raw_files/figure-latex/wklad_pc2-1.pdf>
Package pdftex.def Info: raw_files/figure-latex/wklad_pc2-1.pdf  used on input 
line 953.
(pdftex.def)             Requested size: 302.128pt x 215.80571pt.
[26 <./raw_files/figure-latex/wklad_pc1-1.pdf>]
<raw_files/figure-latex/wklad_pc3-1.pdf, id=448, 302.12875pt x 215.80624pt>
File: raw_files/figure-latex/wklad_pc3-1.pdf Graphic file (type pdf)
<use raw_files/figure-latex/wklad_pc3-1.pdf>
Package pdftex.def Info: raw_files/figure-latex/wklad_pc3-1.pdf  used on input 
line 962.
(pdftex.def)             Requested size: 302.128pt x 215.80571pt.
[27 <./raw_files/figure-latex/wklad_pc2-1.pdf> <./raw_files/figure-latex/wklad_
pc3-1.pdf>]
<raw_files/figure-latex/wykres rozrzutu 2d-1.pdf, id=469, 400.49625pt x 319.192
5pt>
File: raw_files/figure-latex/wykres rozrzutu 2d-1.pdf Graphic file (type pdf)
<use raw_files/figure-latex/wykres rozrzutu 2d-1.pdf>
Package pdftex.def Info: raw_files/figure-latex/wykres rozrzutu 2d-1.pdf  used 
on input line 984.
(pdftex.def)             Requested size: 400.49527pt x 319.19171pt.
<raw_files/figure-latex/wykres_rozrzutu_3d-1.pdf, id=470, 397.485pt x 297.11pt>

File: raw_files/figure-latex/wykres_rozrzutu_3d-1.pdf Graphic file (type pdf)
<use raw_files/figure-latex/wykres_rozrzutu_3d-1.pdf>
Package pdftex.def Info: raw_files/figure-latex/wykres_rozrzutu_3d-1.pdf  used 
on input line 993.
(pdftex.def)             Requested size: 397.48402pt x 297.10927pt.
[28 <./raw_files/figure-latex/wykres rozrzutu 2d-1.pdf>] [29 <./raw_files/figur
e-latex/wykres_rozrzutu_3d-1.pdf>]
<raw_files/figure-latex/biplot-1.pdf, id=493, 533.995pt x 497.86pt>
File: raw_files/figure-latex/biplot-1.pdf Graphic file (type pdf)
<use raw_files/figure-latex/biplot-1.pdf>
Package pdftex.def Info: raw_files/figure-latex/biplot-1.pdf  used on input lin
e 1058.
(pdftex.def)             Requested size: 533.9937pt x 497.85878pt.

Overfull \hbox (64.23868pt too wide) in paragraph at lines 1058--1059
 [][] 
 []

[30] [31 <./raw_files/figure-latex/biplot-1.pdf>]
<raw_files/figure-latex/macierz_korelacji-1.pdf, id=510, 627.34375pt x 606.265p
t>
File: raw_files/figure-latex/macierz_korelacji-1.pdf Graphic file (type pdf)
<use raw_files/figure-latex/macierz_korelacji-1.pdf>
Package pdftex.def Info: raw_files/figure-latex/macierz_korelacji-1.pdf  used o
n input line 1096.
(pdftex.def)             Requested size: 469.75502pt x 453.98532pt.
[32] [33 <./raw_files/figure-latex/macierz_korelacji-1.pdf>]
<raw_files/figure-latex/redukcja wymiaru-1.pdf, id=526, 400.49625pt x 321.2pt>
File: raw_files/figure-latex/redukcja wymiaru-1.pdf Graphic file (type pdf)
<use raw_files/figure-latex/redukcja wymiaru-1.pdf>
Package pdftex.def Info: raw_files/figure-latex/redukcja wymiaru-1.pdf  used on
 input line 1199.
(pdftex.def)             Requested size: 400.49527pt x 321.19922pt.
[34]
<raw_files/figure-latex/wizualizacja 1-1.pdf, id=532, 351.3125pt x 271.0125pt>
File: raw_files/figure-latex/wizualizacja 1-1.pdf Graphic file (type pdf)
<use raw_files/figure-latex/wizualizacja 1-1.pdf>
Package pdftex.def Info: raw_files/figure-latex/wizualizacja 1-1.pdf  used on i
nput line 1223.
(pdftex.def)             Requested size: 351.31163pt x 271.01183pt.
[35 <./raw_files/figure-latex/redukcja wymiaru-1.pdf>]
<raw_files/figure-latex/wizualizacja 2-1.pdf, id=546, 351.3125pt x 270.00874pt>

File: raw_files/figure-latex/wizualizacja 2-1.pdf Graphic file (type pdf)
<use raw_files/figure-latex/wizualizacja 2-1.pdf>
Package pdftex.def Info: raw_files/figure-latex/wizualizacja 2-1.pdf  used on i
nput line 1232.
(pdftex.def)             Requested size: 351.31163pt x 270.00807pt.
<raw_files/figure-latex/wizualizacja 3-1.pdf, id=547, 351.3125pt x 270.00874pt>

File: raw_files/figure-latex/wizualizacja 3-1.pdf Graphic file (type pdf)
<use raw_files/figure-latex/wizualizacja 3-1.pdf>
Package pdftex.def Info: raw_files/figure-latex/wizualizacja 3-1.pdf  used on i
nput line 1241.
(pdftex.def)             Requested size: 351.31163pt x 270.00807pt.
[36 <./raw_files/figure-latex/wizualizacja 1-1.pdf> <./raw_files/figure-latex/w
izualizacja 2-1.pdf>] [37 <./raw_files/figure-latex/wizualizacja 3-1.pdf>] [38]
(./raw.aux)

LaTeX Warning: There were multiply-defined labels.

 ) 
Here is how much of TeX's memory you used:
 14839 strings out of 476025
 252907 string characters out of 5790017
 1862388 words of memory out of 5000000
 34772 multiletter control sequences out of 15000+600000
 570094 words of font info for 128 fonts, out of 8000000 for 9000
 1141 hyphenation exceptions out of 8191
 77i,9n,81p,1000b,609s stack positions out of 10000i,1000n,20000p,200000b,200000s
</usr/local/texlive/2023/texmf-dist/fonts/type1/public/lm/lmbx12.pfb></usr/lo
cal/texlive/2023/texmf-dist/fonts/type1/public/lm/lmr10.pfb></usr/local/texlive
/2023/texmf-dist/fonts/type1/public/lm/lmr12.pfb></usr/local/texlive/2023/texmf
-dist/fonts/type1/public/lm/lmr17.pfb></usr/local/texlive/2023/texmf-dist/fonts
/type1/public/lm/lmtt12.pfb>
Output written on raw.pdf (38 pages, 35043162 bytes).
PDF statistics:
 703 PDF objects out of 1000 (max. 8388607)
 517 compressed objects within 6 object streams
 118 named destinations out of 1000 (max. 500000)
 33120 words of extra memory for PDF output out of 35830 (max. 10000000)

